21:43:21,991 DEBUG RequestAddCookies:122 - CookieSpec selected: default
21:43:22,006 DEBUG RequestAuthCache:76 - Auth cache not set in the context
21:43:22,008 DEBUG PoolingHttpClientConnectionManager:249 - Connection request: [route: {}->http://localhost:41174][total kept alive: 0; route allocated: 0 of 2000; total allocated: 0 of 2000]
21:43:22,025 DEBUG PoolingHttpClientConnectionManager:282 - Connection leased: [id: 0][route: {}->http://localhost:41174][total kept alive: 0; route allocated: 1 of 2000; total allocated: 1 of 2000]
21:43:22,026 DEBUG MainClientExec:234 - Opening connection {}->http://localhost:41174
21:43:22,028 DEBUG DefaultHttpClientConnectionOperator:138 - Connecting to localhost/127.0.0.1:41174
21:43:22,029 DEBUG DefaultHttpClientConnectionOperator:145 - Connection established 127.0.0.1:57191<->127.0.0.1:41174
21:43:22,029 DEBUG DefaultManagedHttpClientConnection:90 - http-outgoing-0: set socket timeout to 10800000
21:43:22,030 DEBUG MainClientExec:255 - Executing request POST /session HTTP/1.1
21:43:22,030 DEBUG MainClientExec:260 - Target auth state: UNCHALLENGED
21:43:22,030 DEBUG MainClientExec:266 - Proxy auth state: UNCHALLENGED
21:43:22,032 DEBUG headers:135 - http-outgoing-0 >> POST /session HTTP/1.1
21:43:22,032 DEBUG headers:138 - http-outgoing-0 >> Content-Type: application/json; charset=utf-8
21:43:22,032 DEBUG headers:138 - http-outgoing-0 >> Content-Length: 122
21:43:22,032 DEBUG headers:138 - http-outgoing-0 >> Host: localhost:41174
21:43:22,032 DEBUG headers:138 - http-outgoing-0 >> Connection: Keep-Alive
21:43:22,033 DEBUG headers:138 - http-outgoing-0 >> User-Agent: Apache-HttpClient/4.5.2 (Java/1.8.0_131)
21:43:22,034 DEBUG headers:138 - http-outgoing-0 >> Accept-Encoding: gzip,deflate
21:43:22,034 DEBUG wire:72 - http-outgoing-0 >> "POST /session HTTP/1.1[\r][\n]"
21:43:22,034 DEBUG wire:72 - http-outgoing-0 >> "Content-Type: application/json; charset=utf-8[\r][\n]"
21:43:22,034 DEBUG wire:72 - http-outgoing-0 >> "Content-Length: 122[\r][\n]"
21:43:22,034 DEBUG wire:72 - http-outgoing-0 >> "Host: localhost:41174[\r][\n]"
21:43:22,035 DEBUG wire:72 - http-outgoing-0 >> "Connection: Keep-Alive[\r][\n]"
21:43:22,035 DEBUG wire:72 - http-outgoing-0 >> "User-Agent: Apache-HttpClient/4.5.2 (Java/1.8.0_131)[\r][\n]"
21:43:22,035 DEBUG wire:72 - http-outgoing-0 >> "Accept-Encoding: gzip,deflate[\r][\n]"
21:43:22,035 DEBUG wire:72 - http-outgoing-0 >> "[\r][\n]"
21:43:22,035 DEBUG wire:86 - http-outgoing-0 >> "{"desiredCapabilities":{"browserName":"chrome","chromeOptions":{"args":[],"extensions":[]},"version":"","platform":"ANY"}}"
21:43:24,773 DEBUG wire:72 - http-outgoing-0 << "HTTP/1.1 200 OK[\r][\n]"
21:43:24,773 DEBUG wire:72 - http-outgoing-0 << "Content-Length:1048[\r][\n]"
21:43:24,773 DEBUG wire:72 - http-outgoing-0 << "Content-Type:application/json; charset=utf-8[\r][\n]"
21:43:24,775 DEBUG wire:72 - http-outgoing-0 << "[\r][\n]"
21:43:24,775 DEBUG wire:86 - http-outgoing-0 << "{"sessionId":"8e5e006296b3d760421bcc775c00cc4c","status":0,"value":{"acceptInsecureCerts":false,"acceptSslCerts":false,"applicationCacheEnabled":false,"browserConnectionEnabled":false,"browserName":"chrome","chrome":{"chromedriverVersion":"86.0.4240.22 (398b0743353ff36fb1b82468f63a3a93b4e2e89e-refs/branch-heads/4240@{#378})","userDataDir":"C:\\WINDOWS\\TEMP\\scoped_dir9844_1190089476"},"cssSelectorsEnabled":true,"databaseEnabled":false,"goog:chromeOptions":{"debuggerAddress":"localhost:57192"},"handlesAlerts":true,"hasTouchScreen":false,"javascriptEnabled":true,"locationContextEnabled":true,"mobileEmulationEnabled":false,"nativeEvents":true,"networkConnectionEnabled":false,"pageLoadStrategy":"normal","platform":"Windows","proxy":{},"rotatable":false,"setWindowRect":true,"strictFileInteractability":false,"takesHeapSnapshot":true,"takesScreenshot":true,"timeouts":{"implicit":0,"pageLoad":300000,"script":30000},"unexpectedAlertBehaviour":"ignore","version":"86.0.4240.198","webStorageEnabled":true,"webauthn:virtualAuthenticators":true}}"
21:43:24,780 DEBUG headers:124 - http-outgoing-0 << HTTP/1.1 200 OK
21:43:24,780 DEBUG headers:127 - http-outgoing-0 << Content-Length:1048
21:43:24,780 DEBUG headers:127 - http-outgoing-0 << Content-Type:application/json; charset=utf-8
21:43:24,798 DEBUG MainClientExec:284 - Connection can be kept alive indefinitely
21:43:24,806 DEBUG PoolingHttpClientConnectionManager:314 - Connection [id: 0][route: {}->http://localhost:41174] can be kept alive indefinitely
21:43:24,806 DEBUG PoolingHttpClientConnectionManager:320 - Connection released: [id: 0][route: {}->http://localhost:41174][total kept alive: 1; route allocated: 1 of 2000; total allocated: 1 of 2000]
21:43:24,816 DEBUG RequestAddCookies:122 - CookieSpec selected: default
21:43:24,817 DEBUG RequestAuthCache:76 - Auth cache not set in the context
21:43:24,817 DEBUG PoolingHttpClientConnectionManager:249 - Connection request: [route: {}->http://localhost:41174][total kept alive: 1; route allocated: 1 of 2000; total allocated: 1 of 2000]
21:43:24,817 DEBUG PoolingHttpClientConnectionManager:282 - Connection leased: [id: 0][route: {}->http://localhost:41174][total kept alive: 0; route allocated: 1 of 2000; total allocated: 1 of 2000]
21:43:24,817 DEBUG MainClientExec:207 - Stale connection check
21:43:24,827 DEBUG wire:86 - http-outgoing-0 << "[read] I/O error: Read timed out"
21:43:24,827 DEBUG DefaultManagedHttpClientConnection:90 - http-outgoing-0: set socket timeout to 10800000
21:43:24,828 DEBUG MainClientExec:255 - Executing request POST /session/8e5e006296b3d760421bcc775c00cc4c/timeouts HTTP/1.1
21:43:24,828 DEBUG MainClientExec:260 - Target auth state: UNCHALLENGED
21:43:24,828 DEBUG MainClientExec:266 - Proxy auth state: UNCHALLENGED
21:43:24,828 DEBUG headers:135 - http-outgoing-0 >> POST /session/8e5e006296b3d760421bcc775c00cc4c/timeouts HTTP/1.1
21:43:24,828 DEBUG headers:138 - http-outgoing-0 >> Content-Type: application/json; charset=utf-8
21:43:24,828 DEBUG headers:138 - http-outgoing-0 >> Content-Length: 30
21:43:24,828 DEBUG headers:138 - http-outgoing-0 >> Host: localhost:41174
21:43:24,830 DEBUG headers:138 - http-outgoing-0 >> Connection: Keep-Alive
21:43:24,830 DEBUG headers:138 - http-outgoing-0 >> User-Agent: Apache-HttpClient/4.5.2 (Java/1.8.0_131)
21:43:24,830 DEBUG headers:138 - http-outgoing-0 >> Accept-Encoding: gzip,deflate
21:43:24,830 DEBUG wire:72 - http-outgoing-0 >> "POST /session/8e5e006296b3d760421bcc775c00cc4c/timeouts HTTP/1.1[\r][\n]"
21:43:24,830 DEBUG wire:72 - http-outgoing-0 >> "Content-Type: application/json; charset=utf-8[\r][\n]"
21:43:24,830 DEBUG wire:72 - http-outgoing-0 >> "Content-Length: 30[\r][\n]"
21:43:24,830 DEBUG wire:72 - http-outgoing-0 >> "Host: localhost:41174[\r][\n]"
21:43:24,830 DEBUG wire:72 - http-outgoing-0 >> "Connection: Keep-Alive[\r][\n]"
21:43:24,830 DEBUG wire:72 - http-outgoing-0 >> "User-Agent: Apache-HttpClient/4.5.2 (Java/1.8.0_131)[\r][\n]"
21:43:24,830 DEBUG wire:72 - http-outgoing-0 >> "Accept-Encoding: gzip,deflate[\r][\n]"
21:43:24,830 DEBUG wire:72 - http-outgoing-0 >> "[\r][\n]"
21:43:24,830 DEBUG wire:86 - http-outgoing-0 >> "{"type":"implicit","ms":10000}"
21:43:24,832 DEBUG wire:72 - http-outgoing-0 << "HTTP/1.1 200 OK[\r][\n]"
21:43:24,832 DEBUG wire:72 - http-outgoing-0 << "Content-Length:72[\r][\n]"
21:43:24,832 DEBUG wire:72 - http-outgoing-0 << "Content-Type:application/json; charset=utf-8[\r][\n]"
21:43:24,832 DEBUG wire:72 - http-outgoing-0 << "[\r][\n]"
21:43:24,832 DEBUG wire:86 - http-outgoing-0 << "{"sessionId":"8e5e006296b3d760421bcc775c00cc4c","status":0,"value":null}"
21:43:24,832 DEBUG headers:124 - http-outgoing-0 << HTTP/1.1 200 OK
21:43:24,833 DEBUG headers:127 - http-outgoing-0 << Content-Length:72
21:43:24,833 DEBUG headers:127 - http-outgoing-0 << Content-Type:application/json; charset=utf-8
21:43:24,834 DEBUG MainClientExec:284 - Connection can be kept alive indefinitely
21:43:24,834 DEBUG PoolingHttpClientConnectionManager:314 - Connection [id: 0][route: {}->http://localhost:41174] can be kept alive indefinitely
21:43:24,834 DEBUG PoolingHttpClientConnectionManager:320 - Connection released: [id: 0][route: {}->http://localhost:41174][total kept alive: 1; route allocated: 1 of 2000; total allocated: 1 of 2000]
21:43:24,837 DEBUG RequestAddCookies:122 - CookieSpec selected: default
21:43:24,838 DEBUG RequestAuthCache:76 - Auth cache not set in the context
21:43:24,838 DEBUG PoolingHttpClientConnectionManager:249 - Connection request: [route: {}->http://localhost:41174][total kept alive: 1; route allocated: 1 of 2000; total allocated: 1 of 2000]
21:43:24,838 DEBUG PoolingHttpClientConnectionManager:282 - Connection leased: [id: 0][route: {}->http://localhost:41174][total kept alive: 0; route allocated: 1 of 2000; total allocated: 1 of 2000]
21:43:24,838 DEBUG MainClientExec:207 - Stale connection check
21:43:24,843 DEBUG wire:86 - http-outgoing-0 << "[read] I/O error: Read timed out"
21:43:24,843 DEBUG DefaultManagedHttpClientConnection:90 - http-outgoing-0: set socket timeout to 10800000
21:43:24,843 DEBUG MainClientExec:255 - Executing request POST /session/8e5e006296b3d760421bcc775c00cc4c/window/current/maximize HTTP/1.1
21:43:24,844 DEBUG MainClientExec:260 - Target auth state: UNCHALLENGED
21:43:24,844 DEBUG MainClientExec:266 - Proxy auth state: UNCHALLENGED
21:43:24,844 DEBUG headers:135 - http-outgoing-0 >> POST /session/8e5e006296b3d760421bcc775c00cc4c/window/current/maximize HTTP/1.1
21:43:24,844 DEBUG headers:138 - http-outgoing-0 >> Content-Type: application/json; charset=utf-8
21:43:24,844 DEBUG headers:138 - http-outgoing-0 >> Content-Length: 26
21:43:24,844 DEBUG headers:138 - http-outgoing-0 >> Host: localhost:41174
21:43:24,844 DEBUG headers:138 - http-outgoing-0 >> Connection: Keep-Alive
21:43:24,845 DEBUG headers:138 - http-outgoing-0 >> User-Agent: Apache-HttpClient/4.5.2 (Java/1.8.0_131)
21:43:24,845 DEBUG headers:138 - http-outgoing-0 >> Accept-Encoding: gzip,deflate
21:43:24,845 DEBUG wire:72 - http-outgoing-0 >> "POST /session/8e5e006296b3d760421bcc775c00cc4c/window/current/maximize HTTP/1.1[\r][\n]"
21:43:24,845 DEBUG wire:72 - http-outgoing-0 >> "Content-Type: application/json; charset=utf-8[\r][\n]"
21:43:24,845 DEBUG wire:72 - http-outgoing-0 >> "Content-Length: 26[\r][\n]"
21:43:24,845 DEBUG wire:72 - http-outgoing-0 >> "Host: localhost:41174[\r][\n]"
21:43:24,845 DEBUG wire:72 - http-outgoing-0 >> "Connection: Keep-Alive[\r][\n]"
21:43:24,846 DEBUG wire:72 - http-outgoing-0 >> "User-Agent: Apache-HttpClient/4.5.2 (Java/1.8.0_131)[\r][\n]"
21:43:24,846 DEBUG wire:72 - http-outgoing-0 >> "Accept-Encoding: gzip,deflate[\r][\n]"
21:43:24,846 DEBUG wire:72 - http-outgoing-0 >> "[\r][\n]"
21:43:24,846 DEBUG wire:86 - http-outgoing-0 >> "{"windowHandle":"current"}"
21:43:27,013 DEBUG wire:72 - http-outgoing-0 << "HTTP/1.1 200 OK[\r][\n]"
21:43:27,014 DEBUG wire:72 - http-outgoing-0 << "Content-Length:109[\r][\n]"
21:43:27,014 DEBUG wire:72 - http-outgoing-0 << "Content-Type:application/json; charset=utf-8[\r][\n]"
21:43:27,014 DEBUG wire:72 - http-outgoing-0 << "[\r][\n]"
21:43:27,014 DEBUG wire:86 - http-outgoing-0 << "{"sessionId":"8e5e006296b3d760421bcc775c00cc4c","status":0,"value":{"height":784,"width":1040,"x":-8,"y":-8}}"
21:43:27,015 DEBUG headers:124 - http-outgoing-0 << HTTP/1.1 200 OK
21:43:27,015 DEBUG headers:127 - http-outgoing-0 << Content-Length:109
21:43:27,015 DEBUG headers:127 - http-outgoing-0 << Content-Type:application/json; charset=utf-8
21:43:27,015 DEBUG MainClientExec:284 - Connection can be kept alive indefinitely
21:43:27,016 DEBUG PoolingHttpClientConnectionManager:314 - Connection [id: 0][route: {}->http://localhost:41174] can be kept alive indefinitely
21:43:27,016 DEBUG PoolingHttpClientConnectionManager:320 - Connection released: [id: 0][route: {}->http://localhost:41174][total kept alive: 1; route allocated: 1 of 2000; total allocated: 1 of 2000]
21:43:27,018 DEBUG RequestAddCookies:122 - CookieSpec selected: default
21:43:27,019 DEBUG RequestAuthCache:76 - Auth cache not set in the context
21:43:27,019 DEBUG PoolingHttpClientConnectionManager:249 - Connection request: [route: {}->http://localhost:41174][total kept alive: 1; route allocated: 1 of 2000; total allocated: 1 of 2000]
21:43:27,019 DEBUG PoolingHttpClientConnectionManager:282 - Connection leased: [id: 0][route: {}->http://localhost:41174][total kept alive: 0; route allocated: 1 of 2000; total allocated: 1 of 2000]
21:43:27,020 DEBUG MainClientExec:207 - Stale connection check
21:43:27,028 DEBUG wire:86 - http-outgoing-0 << "[read] I/O error: Read timed out"
21:43:27,028 DEBUG DefaultManagedHttpClientConnection:90 - http-outgoing-0: set socket timeout to 10800000
21:43:27,029 DEBUG MainClientExec:255 - Executing request POST /session/8e5e006296b3d760421bcc775c00cc4c/url HTTP/1.1
21:43:27,029 DEBUG MainClientExec:260 - Target auth state: UNCHALLENGED
21:43:27,029 DEBUG MainClientExec:266 - Proxy auth state: UNCHALLENGED
21:43:27,030 DEBUG headers:135 - http-outgoing-0 >> POST /session/8e5e006296b3d760421bcc775c00cc4c/url HTTP/1.1
21:43:27,030 DEBUG headers:138 - http-outgoing-0 >> Content-Type: application/json; charset=utf-8
21:43:27,031 DEBUG headers:138 - http-outgoing-0 >> Content-Length: 45
21:43:27,031 DEBUG headers:138 - http-outgoing-0 >> Host: localhost:41174
21:43:27,031 DEBUG headers:138 - http-outgoing-0 >> Connection: Keep-Alive
21:43:27,031 DEBUG headers:138 - http-outgoing-0 >> User-Agent: Apache-HttpClient/4.5.2 (Java/1.8.0_131)
21:43:27,032 DEBUG headers:138 - http-outgoing-0 >> Accept-Encoding: gzip,deflate
21:43:27,032 DEBUG wire:72 - http-outgoing-0 >> "POST /session/8e5e006296b3d760421bcc775c00cc4c/url HTTP/1.1[\r][\n]"
21:43:27,032 DEBUG wire:72 - http-outgoing-0 >> "Content-Type: application/json; charset=utf-8[\r][\n]"
21:43:27,032 DEBUG wire:72 - http-outgoing-0 >> "Content-Length: 45[\r][\n]"
21:43:27,032 DEBUG wire:72 - http-outgoing-0 >> "Host: localhost:41174[\r][\n]"
21:43:27,033 DEBUG wire:72 - http-outgoing-0 >> "Connection: Keep-Alive[\r][\n]"
21:43:27,033 DEBUG wire:72 - http-outgoing-0 >> "User-Agent: Apache-HttpClient/4.5.2 (Java/1.8.0_131)[\r][\n]"
21:43:27,033 DEBUG wire:72 - http-outgoing-0 >> "Accept-Encoding: gzip,deflate[\r][\n]"
21:43:27,033 DEBUG wire:72 - http-outgoing-0 >> "[\r][\n]"
21:43:27,033 DEBUG wire:86 - http-outgoing-0 >> "{"url":"http://demo.guru99.com/V1/index.php"}"
21:43:28,130 DEBUG wire:72 - http-outgoing-0 << "HTTP/1.1 200 OK[\r][\n]"
21:43:28,130 DEBUG wire:72 - http-outgoing-0 << "Content-Length:72[\r][\n]"
21:43:28,131 DEBUG wire:72 - http-outgoing-0 << "Content-Type:application/json; charset=utf-8[\r][\n]"
21:43:28,131 DEBUG wire:72 - http-outgoing-0 << "[\r][\n]"
21:43:28,131 DEBUG wire:86 - http-outgoing-0 << "{"sessionId":"8e5e006296b3d760421bcc775c00cc4c","status":0,"value":null}"
21:43:28,132 DEBUG headers:124 - http-outgoing-0 << HTTP/1.1 200 OK
21:43:28,132 DEBUG headers:127 - http-outgoing-0 << Content-Length:72
21:43:28,132 DEBUG headers:127 - http-outgoing-0 << Content-Type:application/json; charset=utf-8
21:43:28,133 DEBUG MainClientExec:284 - Connection can be kept alive indefinitely
21:43:28,133 DEBUG PoolingHttpClientConnectionManager:314 - Connection [id: 0][route: {}->http://localhost:41174] can be kept alive indefinitely
21:43:28,134 DEBUG PoolingHttpClientConnectionManager:320 - Connection released: [id: 0][route: {}->http://localhost:41174][total kept alive: 1; route allocated: 1 of 2000; total allocated: 1 of 2000]
21:43:28,135  INFO ebanking:53 - --Banking URL launched successfully
21:43:28,189 DEBUG RequestAddCookies:122 - CookieSpec selected: default
21:43:28,189 DEBUG RequestAuthCache:76 - Auth cache not set in the context
21:43:28,190 DEBUG PoolingHttpClientConnectionManager:249 - Connection request: [route: {}->http://localhost:41174][total kept alive: 1; route allocated: 1 of 2000; total allocated: 1 of 2000]
21:43:28,190 DEBUG PoolingHttpClientConnectionManager:282 - Connection leased: [id: 0][route: {}->http://localhost:41174][total kept alive: 0; route allocated: 1 of 2000; total allocated: 1 of 2000]
21:43:28,190 DEBUG MainClientExec:207 - Stale connection check
21:43:28,198 DEBUG wire:86 - http-outgoing-0 << "[read] I/O error: Read timed out"
21:43:28,198 DEBUG DefaultManagedHttpClientConnection:90 - http-outgoing-0: set socket timeout to 10800000
21:43:28,198 DEBUG MainClientExec:255 - Executing request POST /session/8e5e006296b3d760421bcc775c00cc4c/element HTTP/1.1
21:43:28,199 DEBUG MainClientExec:260 - Target auth state: UNCHALLENGED
21:43:28,199 DEBUG MainClientExec:266 - Proxy auth state: UNCHALLENGED
21:43:28,199 DEBUG headers:135 - http-outgoing-0 >> POST /session/8e5e006296b3d760421bcc775c00cc4c/element HTTP/1.1
21:43:28,200 DEBUG headers:138 - http-outgoing-0 >> Content-Type: application/json; charset=utf-8
21:43:28,200 DEBUG headers:138 - http-outgoing-0 >> Content-Length: 30
21:43:28,200 DEBUG headers:138 - http-outgoing-0 >> Host: localhost:41174
21:43:28,200 DEBUG headers:138 - http-outgoing-0 >> Connection: Keep-Alive
21:43:28,201 DEBUG headers:138 - http-outgoing-0 >> User-Agent: Apache-HttpClient/4.5.2 (Java/1.8.0_131)
21:43:28,201 DEBUG headers:138 - http-outgoing-0 >> Accept-Encoding: gzip,deflate
21:43:28,201 DEBUG wire:72 - http-outgoing-0 >> "POST /session/8e5e006296b3d760421bcc775c00cc4c/element HTTP/1.1[\r][\n]"
21:43:28,201 DEBUG wire:72 - http-outgoing-0 >> "Content-Type: application/json; charset=utf-8[\r][\n]"
21:43:28,202 DEBUG wire:72 - http-outgoing-0 >> "Content-Length: 30[\r][\n]"
21:43:28,202 DEBUG wire:72 - http-outgoing-0 >> "Host: localhost:41174[\r][\n]"
21:43:28,202 DEBUG wire:72 - http-outgoing-0 >> "Connection: Keep-Alive[\r][\n]"
21:43:28,203 DEBUG wire:72 - http-outgoing-0 >> "User-Agent: Apache-HttpClient/4.5.2 (Java/1.8.0_131)[\r][\n]"
21:43:28,203 DEBUG wire:72 - http-outgoing-0 >> "Accept-Encoding: gzip,deflate[\r][\n]"
21:43:28,203 DEBUG wire:72 - http-outgoing-0 >> "[\r][\n]"
21:43:28,203 DEBUG wire:86 - http-outgoing-0 >> "{"using":"name","value":"uid"}"
21:43:28,263 DEBUG wire:72 - http-outgoing-0 << "HTTP/1.1 200 OK[\r][\n]"
21:43:28,264 DEBUG wire:72 - http-outgoing-0 << "Content-Length:103[\r][\n]"
21:43:28,264 DEBUG wire:72 - http-outgoing-0 << "Content-Type:application/json; charset=utf-8[\r][\n]"
21:43:28,264 DEBUG wire:72 - http-outgoing-0 << "[\r][\n]"
21:43:28,264 DEBUG wire:86 - http-outgoing-0 << "{"sessionId":"8e5e006296b3d760421bcc775c00cc4c","status":0,"value":{"ELEMENT":"0.19316842967380565-1"}}"
21:43:28,264 DEBUG headers:124 - http-outgoing-0 << HTTP/1.1 200 OK
21:43:28,265 DEBUG headers:127 - http-outgoing-0 << Content-Length:103
21:43:28,265 DEBUG headers:127 - http-outgoing-0 << Content-Type:application/json; charset=utf-8
21:43:28,265 DEBUG MainClientExec:284 - Connection can be kept alive indefinitely
21:43:28,265 DEBUG PoolingHttpClientConnectionManager:314 - Connection [id: 0][route: {}->http://localhost:41174] can be kept alive indefinitely
21:43:28,266 DEBUG PoolingHttpClientConnectionManager:320 - Connection released: [id: 0][route: {}->http://localhost:41174][total kept alive: 1; route allocated: 1 of 2000; total allocated: 1 of 2000]
21:43:28,270 DEBUG RequestAddCookies:122 - CookieSpec selected: default
21:43:28,271 DEBUG RequestAuthCache:76 - Auth cache not set in the context
21:43:28,271 DEBUG PoolingHttpClientConnectionManager:249 - Connection request: [route: {}->http://localhost:41174][total kept alive: 1; route allocated: 1 of 2000; total allocated: 1 of 2000]
21:43:28,271 DEBUG PoolingHttpClientConnectionManager:282 - Connection leased: [id: 0][route: {}->http://localhost:41174][total kept alive: 0; route allocated: 1 of 2000; total allocated: 1 of 2000]
21:43:28,271 DEBUG MainClientExec:207 - Stale connection check
21:43:28,275 DEBUG wire:86 - http-outgoing-0 << "[read] I/O error: Read timed out"
21:43:28,275 DEBUG DefaultManagedHttpClientConnection:90 - http-outgoing-0: set socket timeout to 10800000
21:43:28,275 DEBUG MainClientExec:255 - Executing request POST /session/8e5e006296b3d760421bcc775c00cc4c/element/0.19316842967380565-1/value HTTP/1.1
21:43:28,276 DEBUG MainClientExec:260 - Target auth state: UNCHALLENGED
21:43:28,276 DEBUG MainClientExec:266 - Proxy auth state: UNCHALLENGED
21:43:28,276 DEBUG headers:135 - http-outgoing-0 >> POST /session/8e5e006296b3d760421bcc775c00cc4c/element/0.19316842967380565-1/value HTTP/1.1
21:43:28,276 DEBUG headers:138 - http-outgoing-0 >> Content-Type: application/json; charset=utf-8
21:43:28,276 DEBUG headers:138 - http-outgoing-0 >> Content-Length: 53
21:43:28,277 DEBUG headers:138 - http-outgoing-0 >> Host: localhost:41174
21:43:28,277 DEBUG headers:138 - http-outgoing-0 >> Connection: Keep-Alive
21:43:28,277 DEBUG headers:138 - http-outgoing-0 >> User-Agent: Apache-HttpClient/4.5.2 (Java/1.8.0_131)
21:43:28,277 DEBUG headers:138 - http-outgoing-0 >> Accept-Encoding: gzip,deflate
21:43:28,277 DEBUG wire:72 - http-outgoing-0 >> "POST /session/8e5e006296b3d760421bcc775c00cc4c/element/0.19316842967380565-1/value HTTP/1.1[\r][\n]"
21:43:28,278 DEBUG wire:72 - http-outgoing-0 >> "Content-Type: application/json; charset=utf-8[\r][\n]"
21:43:28,278 DEBUG wire:72 - http-outgoing-0 >> "Content-Length: 53[\r][\n]"
21:43:28,278 DEBUG wire:72 - http-outgoing-0 >> "Host: localhost:41174[\r][\n]"
21:43:28,278 DEBUG wire:72 - http-outgoing-0 >> "Connection: Keep-Alive[\r][\n]"
21:43:28,279 DEBUG wire:72 - http-outgoing-0 >> "User-Agent: Apache-HttpClient/4.5.2 (Java/1.8.0_131)[\r][\n]"
21:43:28,279 DEBUG wire:72 - http-outgoing-0 >> "Accept-Encoding: gzip,deflate[\r][\n]"
21:43:28,279 DEBUG wire:72 - http-outgoing-0 >> "[\r][\n]"
21:43:28,279 DEBUG wire:86 - http-outgoing-0 >> "{"id":"0.19316842967380565-1","value":["mngr292403"]}"
21:43:29,335 DEBUG wire:72 - http-outgoing-0 << "HTTP/1.1 200 OK[\r][\n]"
21:43:29,336 DEBUG wire:72 - http-outgoing-0 << "Content-Length:72[\r][\n]"
21:43:29,336 DEBUG wire:72 - http-outgoing-0 << "Content-Type:application/json; charset=utf-8[\r][\n]"
21:43:29,337 DEBUG wire:72 - http-outgoing-0 << "[\r][\n]"
21:43:29,337 DEBUG wire:86 - http-outgoing-0 << "{"sessionId":"8e5e006296b3d760421bcc775c00cc4c","status":0,"value":null}"
21:43:29,337 DEBUG headers:124 - http-outgoing-0 << HTTP/1.1 200 OK
21:43:29,338 DEBUG headers:127 - http-outgoing-0 << Content-Length:72
21:43:29,338 DEBUG headers:127 - http-outgoing-0 << Content-Type:application/json; charset=utf-8
21:43:29,338 DEBUG MainClientExec:284 - Connection can be kept alive indefinitely
21:43:29,339 DEBUG PoolingHttpClientConnectionManager:314 - Connection [id: 0][route: {}->http://localhost:41174] can be kept alive indefinitely
21:43:29,339 DEBUG PoolingHttpClientConnectionManager:320 - Connection released: [id: 0][route: {}->http://localhost:41174][total kept alive: 1; route allocated: 1 of 2000; total allocated: 1 of 2000]
21:43:29,340  INFO ebanking:24 - --Entered username
21:43:29,342 DEBUG RequestAddCookies:122 - CookieSpec selected: default
21:43:29,342 DEBUG RequestAuthCache:76 - Auth cache not set in the context
21:43:29,342 DEBUG PoolingHttpClientConnectionManager:249 - Connection request: [route: {}->http://localhost:41174][total kept alive: 1; route allocated: 1 of 2000; total allocated: 1 of 2000]
21:43:29,343 DEBUG PoolingHttpClientConnectionManager:282 - Connection leased: [id: 0][route: {}->http://localhost:41174][total kept alive: 0; route allocated: 1 of 2000; total allocated: 1 of 2000]
21:43:29,343 DEBUG MainClientExec:207 - Stale connection check
21:43:29,346 DEBUG wire:86 - http-outgoing-0 << "[read] I/O error: Read timed out"
21:43:29,346 DEBUG DefaultManagedHttpClientConnection:90 - http-outgoing-0: set socket timeout to 10800000
21:43:29,346 DEBUG MainClientExec:255 - Executing request POST /session/8e5e006296b3d760421bcc775c00cc4c/element HTTP/1.1
21:43:29,347 DEBUG MainClientExec:260 - Target auth state: UNCHALLENGED
21:43:29,347 DEBUG MainClientExec:266 - Proxy auth state: UNCHALLENGED
21:43:29,347 DEBUG headers:135 - http-outgoing-0 >> POST /session/8e5e006296b3d760421bcc775c00cc4c/element HTTP/1.1
21:43:29,348 DEBUG headers:138 - http-outgoing-0 >> Content-Type: application/json; charset=utf-8
21:43:29,348 DEBUG headers:138 - http-outgoing-0 >> Content-Length: 35
21:43:29,348 DEBUG headers:138 - http-outgoing-0 >> Host: localhost:41174
21:43:29,348 DEBUG headers:138 - http-outgoing-0 >> Connection: Keep-Alive
21:43:29,349 DEBUG headers:138 - http-outgoing-0 >> User-Agent: Apache-HttpClient/4.5.2 (Java/1.8.0_131)
21:43:29,349 DEBUG headers:138 - http-outgoing-0 >> Accept-Encoding: gzip,deflate
21:43:29,349 DEBUG wire:72 - http-outgoing-0 >> "POST /session/8e5e006296b3d760421bcc775c00cc4c/element HTTP/1.1[\r][\n]"
21:43:29,350 DEBUG wire:72 - http-outgoing-0 >> "Content-Type: application/json; charset=utf-8[\r][\n]"
21:43:29,350 DEBUG wire:72 - http-outgoing-0 >> "Content-Length: 35[\r][\n]"
21:43:29,350 DEBUG wire:72 - http-outgoing-0 >> "Host: localhost:41174[\r][\n]"
21:43:29,351 DEBUG wire:72 - http-outgoing-0 >> "Connection: Keep-Alive[\r][\n]"
21:43:29,351 DEBUG wire:72 - http-outgoing-0 >> "User-Agent: Apache-HttpClient/4.5.2 (Java/1.8.0_131)[\r][\n]"
21:43:29,351 DEBUG wire:72 - http-outgoing-0 >> "Accept-Encoding: gzip,deflate[\r][\n]"
21:43:29,352 DEBUG wire:72 - http-outgoing-0 >> "[\r][\n]"
21:43:29,352 DEBUG wire:86 - http-outgoing-0 >> "{"using":"name","value":"password"}"
21:43:29,421 DEBUG wire:72 - http-outgoing-0 << "HTTP/1.1 200 OK[\r][\n]"
21:43:29,421 DEBUG wire:72 - http-outgoing-0 << "Content-Length:103[\r][\n]"
21:43:29,422 DEBUG wire:72 - http-outgoing-0 << "Content-Type:application/json; charset=utf-8[\r][\n]"
21:43:29,422 DEBUG wire:72 - http-outgoing-0 << "[\r][\n]"
21:43:29,422 DEBUG wire:86 - http-outgoing-0 << "{"sessionId":"8e5e006296b3d760421bcc775c00cc4c","status":0,"value":{"ELEMENT":"0.19316842967380565-3"}}"
21:43:29,423 DEBUG headers:124 - http-outgoing-0 << HTTP/1.1 200 OK
21:43:29,423 DEBUG headers:127 - http-outgoing-0 << Content-Length:103
21:43:29,423 DEBUG headers:127 - http-outgoing-0 << Content-Type:application/json; charset=utf-8
21:43:29,424 DEBUG MainClientExec:284 - Connection can be kept alive indefinitely
21:43:29,424 DEBUG PoolingHttpClientConnectionManager:314 - Connection [id: 0][route: {}->http://localhost:41174] can be kept alive indefinitely
21:43:29,424 DEBUG PoolingHttpClientConnectionManager:320 - Connection released: [id: 0][route: {}->http://localhost:41174][total kept alive: 1; route allocated: 1 of 2000; total allocated: 1 of 2000]
21:43:29,427 DEBUG RequestAddCookies:122 - CookieSpec selected: default
21:43:29,427 DEBUG RequestAuthCache:76 - Auth cache not set in the context
21:43:29,427 DEBUG PoolingHttpClientConnectionManager:249 - Connection request: [route: {}->http://localhost:41174][total kept alive: 1; route allocated: 1 of 2000; total allocated: 1 of 2000]
21:43:29,428 DEBUG PoolingHttpClientConnectionManager:282 - Connection leased: [id: 0][route: {}->http://localhost:41174][total kept alive: 0; route allocated: 1 of 2000; total allocated: 1 of 2000]
21:43:29,428 DEBUG MainClientExec:207 - Stale connection check
21:43:29,440 DEBUG wire:86 - http-outgoing-0 << "[read] I/O error: Read timed out"
21:43:29,440 DEBUG DefaultManagedHttpClientConnection:90 - http-outgoing-0: set socket timeout to 10800000
21:43:29,440 DEBUG MainClientExec:255 - Executing request POST /session/8e5e006296b3d760421bcc775c00cc4c/element/0.19316842967380565-3/value HTTP/1.1
21:43:29,441 DEBUG MainClientExec:260 - Target auth state: UNCHALLENGED
21:43:29,441 DEBUG MainClientExec:266 - Proxy auth state: UNCHALLENGED
21:43:29,441 DEBUG headers:135 - http-outgoing-0 >> POST /session/8e5e006296b3d760421bcc775c00cc4c/element/0.19316842967380565-3/value HTTP/1.1
21:43:29,442 DEBUG headers:138 - http-outgoing-0 >> Content-Type: application/json; charset=utf-8
21:43:29,442 DEBUG headers:138 - http-outgoing-0 >> Content-Length: 50
21:43:29,442 DEBUG headers:138 - http-outgoing-0 >> Host: localhost:41174
21:43:29,442 DEBUG headers:138 - http-outgoing-0 >> Connection: Keep-Alive
21:43:29,442 DEBUG headers:138 - http-outgoing-0 >> User-Agent: Apache-HttpClient/4.5.2 (Java/1.8.0_131)
21:43:29,443 DEBUG headers:138 - http-outgoing-0 >> Accept-Encoding: gzip,deflate
21:43:29,443 DEBUG wire:72 - http-outgoing-0 >> "POST /session/8e5e006296b3d760421bcc775c00cc4c/element/0.19316842967380565-3/value HTTP/1.1[\r][\n]"
21:43:29,443 DEBUG wire:72 - http-outgoing-0 >> "Content-Type: application/json; charset=utf-8[\r][\n]"
21:43:29,443 DEBUG wire:72 - http-outgoing-0 >> "Content-Length: 50[\r][\n]"
21:43:29,444 DEBUG wire:72 - http-outgoing-0 >> "Host: localhost:41174[\r][\n]"
21:43:29,444 DEBUG wire:72 - http-outgoing-0 >> "Connection: Keep-Alive[\r][\n]"
21:43:29,444 DEBUG wire:72 - http-outgoing-0 >> "User-Agent: Apache-HttpClient/4.5.2 (Java/1.8.0_131)[\r][\n]"
21:43:29,444 DEBUG wire:72 - http-outgoing-0 >> "Accept-Encoding: gzip,deflate[\r][\n]"
21:43:29,445 DEBUG wire:72 - http-outgoing-0 >> "[\r][\n]"
21:43:29,445 DEBUG wire:86 - http-outgoing-0 >> "{"id":"0.19316842967380565-3","value":["mYtYrAd"]}"
21:43:29,937 DEBUG wire:72 - http-outgoing-0 << "HTTP/1.1 200 OK[\r][\n]"
21:43:29,937 DEBUG wire:72 - http-outgoing-0 << "Content-Length:72[\r][\n]"
21:43:29,937 DEBUG wire:72 - http-outgoing-0 << "Content-Type:application/json; charset=utf-8[\r][\n]"
21:43:29,938 DEBUG wire:72 - http-outgoing-0 << "[\r][\n]"
21:43:29,938 DEBUG wire:86 - http-outgoing-0 << "{"sessionId":"8e5e006296b3d760421bcc775c00cc4c","status":0,"value":null}"
21:43:29,938 DEBUG headers:124 - http-outgoing-0 << HTTP/1.1 200 OK
21:43:29,939 DEBUG headers:127 - http-outgoing-0 << Content-Length:72
21:43:29,939 DEBUG headers:127 - http-outgoing-0 << Content-Type:application/json; charset=utf-8
21:43:29,939 DEBUG MainClientExec:284 - Connection can be kept alive indefinitely
21:43:29,940 DEBUG PoolingHttpClientConnectionManager:314 - Connection [id: 0][route: {}->http://localhost:41174] can be kept alive indefinitely
21:43:29,940 DEBUG PoolingHttpClientConnectionManager:320 - Connection released: [id: 0][route: {}->http://localhost:41174][total kept alive: 1; route allocated: 1 of 2000; total allocated: 1 of 2000]
21:43:29,941  INFO ebanking:26 - --Entered password
21:43:29,942 DEBUG RequestAddCookies:122 - CookieSpec selected: default
21:43:29,943 DEBUG RequestAuthCache:76 - Auth cache not set in the context
21:43:29,943 DEBUG PoolingHttpClientConnectionManager:249 - Connection request: [route: {}->http://localhost:41174][total kept alive: 1; route allocated: 1 of 2000; total allocated: 1 of 2000]
21:43:29,943 DEBUG PoolingHttpClientConnectionManager:282 - Connection leased: [id: 0][route: {}->http://localhost:41174][total kept alive: 0; route allocated: 1 of 2000; total allocated: 1 of 2000]
21:43:29,944 DEBUG MainClientExec:207 - Stale connection check
21:43:29,957 DEBUG wire:86 - http-outgoing-0 << "[read] I/O error: Read timed out"
21:43:29,957 DEBUG DefaultManagedHttpClientConnection:90 - http-outgoing-0: set socket timeout to 10800000
21:43:29,958 DEBUG MainClientExec:255 - Executing request POST /session/8e5e006296b3d760421bcc775c00cc4c/element HTTP/1.1
21:43:29,958 DEBUG MainClientExec:260 - Target auth state: UNCHALLENGED
21:43:29,958 DEBUG MainClientExec:266 - Proxy auth state: UNCHALLENGED
21:43:29,959 DEBUG headers:135 - http-outgoing-0 >> POST /session/8e5e006296b3d760421bcc775c00cc4c/element HTTP/1.1
21:43:29,959 DEBUG headers:138 - http-outgoing-0 >> Content-Type: application/json; charset=utf-8
21:43:29,959 DEBUG headers:138 - http-outgoing-0 >> Content-Length: 35
21:43:29,959 DEBUG headers:138 - http-outgoing-0 >> Host: localhost:41174
21:43:29,960 DEBUG headers:138 - http-outgoing-0 >> Connection: Keep-Alive
21:43:29,960 DEBUG headers:138 - http-outgoing-0 >> User-Agent: Apache-HttpClient/4.5.2 (Java/1.8.0_131)
21:43:29,960 DEBUG headers:138 - http-outgoing-0 >> Accept-Encoding: gzip,deflate
21:43:29,960 DEBUG wire:72 - http-outgoing-0 >> "POST /session/8e5e006296b3d760421bcc775c00cc4c/element HTTP/1.1[\r][\n]"
21:43:29,961 DEBUG wire:72 - http-outgoing-0 >> "Content-Type: application/json; charset=utf-8[\r][\n]"
21:43:29,961 DEBUG wire:72 - http-outgoing-0 >> "Content-Length: 35[\r][\n]"
21:43:29,961 DEBUG wire:72 - http-outgoing-0 >> "Host: localhost:41174[\r][\n]"
21:43:29,962 DEBUG wire:72 - http-outgoing-0 >> "Connection: Keep-Alive[\r][\n]"
21:43:29,962 DEBUG wire:72 - http-outgoing-0 >> "User-Agent: Apache-HttpClient/4.5.2 (Java/1.8.0_131)[\r][\n]"
21:43:29,962 DEBUG wire:72 - http-outgoing-0 >> "Accept-Encoding: gzip,deflate[\r][\n]"
21:43:29,963 DEBUG wire:72 - http-outgoing-0 >> "[\r][\n]"
21:43:29,963 DEBUG wire:86 - http-outgoing-0 >> "{"using":"name","value":"btnLogin"}"
21:43:29,989 DEBUG wire:72 - http-outgoing-0 << "HTTP/1.1 200 OK[\r][\n]"
21:43:29,989 DEBUG wire:72 - http-outgoing-0 << "Content-Length:103[\r][\n]"
21:43:29,990 DEBUG wire:72 - http-outgoing-0 << "Content-Type:application/json; charset=utf-8[\r][\n]"
21:43:29,990 DEBUG wire:72 - http-outgoing-0 << "[\r][\n]"
21:43:29,990 DEBUG wire:86 - http-outgoing-0 << "{"sessionId":"8e5e006296b3d760421bcc775c00cc4c","status":0,"value":{"ELEMENT":"0.19316842967380565-4"}}"
21:43:29,991 DEBUG headers:124 - http-outgoing-0 << HTTP/1.1 200 OK
21:43:29,991 DEBUG headers:127 - http-outgoing-0 << Content-Length:103
21:43:29,991 DEBUG headers:127 - http-outgoing-0 << Content-Type:application/json; charset=utf-8
21:43:29,991 DEBUG MainClientExec:284 - Connection can be kept alive indefinitely
21:43:29,992 DEBUG PoolingHttpClientConnectionManager:314 - Connection [id: 0][route: {}->http://localhost:41174] can be kept alive indefinitely
21:43:29,992 DEBUG PoolingHttpClientConnectionManager:320 - Connection released: [id: 0][route: {}->http://localhost:41174][total kept alive: 1; route allocated: 1 of 2000; total allocated: 1 of 2000]
21:43:29,995 DEBUG RequestAddCookies:122 - CookieSpec selected: default
21:43:29,995 DEBUG RequestAuthCache:76 - Auth cache not set in the context
21:43:29,995 DEBUG PoolingHttpClientConnectionManager:249 - Connection request: [route: {}->http://localhost:41174][total kept alive: 1; route allocated: 1 of 2000; total allocated: 1 of 2000]
21:43:29,995 DEBUG PoolingHttpClientConnectionManager:282 - Connection leased: [id: 0][route: {}->http://localhost:41174][total kept alive: 0; route allocated: 1 of 2000; total allocated: 1 of 2000]
21:43:29,996 DEBUG MainClientExec:207 - Stale connection check
21:43:30,003 DEBUG wire:86 - http-outgoing-0 << "[read] I/O error: Read timed out"
21:43:30,003 DEBUG DefaultManagedHttpClientConnection:90 - http-outgoing-0: set socket timeout to 10800000
21:43:30,004 DEBUG MainClientExec:255 - Executing request POST /session/8e5e006296b3d760421bcc775c00cc4c/element/0.19316842967380565-4/click HTTP/1.1
21:43:30,004 DEBUG MainClientExec:260 - Target auth state: UNCHALLENGED
21:43:30,004 DEBUG MainClientExec:266 - Proxy auth state: UNCHALLENGED
21:43:30,005 DEBUG headers:135 - http-outgoing-0 >> POST /session/8e5e006296b3d760421bcc775c00cc4c/element/0.19316842967380565-4/click HTTP/1.1
21:43:30,005 DEBUG headers:138 - http-outgoing-0 >> Content-Type: application/json; charset=utf-8
21:43:30,005 DEBUG headers:138 - http-outgoing-0 >> Content-Length: 30
21:43:30,005 DEBUG headers:138 - http-outgoing-0 >> Host: localhost:41174
21:43:30,006 DEBUG headers:138 - http-outgoing-0 >> Connection: Keep-Alive
21:43:30,006 DEBUG headers:138 - http-outgoing-0 >> User-Agent: Apache-HttpClient/4.5.2 (Java/1.8.0_131)
21:43:30,006 DEBUG headers:138 - http-outgoing-0 >> Accept-Encoding: gzip,deflate
21:43:30,007 DEBUG wire:72 - http-outgoing-0 >> "POST /session/8e5e006296b3d760421bcc775c00cc4c/element/0.19316842967380565-4/click HTTP/1.1[\r][\n]"
21:43:30,007 DEBUG wire:72 - http-outgoing-0 >> "Content-Type: application/json; charset=utf-8[\r][\n]"
21:43:30,007 DEBUG wire:72 - http-outgoing-0 >> "Content-Length: 30[\r][\n]"
21:43:30,008 DEBUG wire:72 - http-outgoing-0 >> "Host: localhost:41174[\r][\n]"
21:43:30,008 DEBUG wire:72 - http-outgoing-0 >> "Connection: Keep-Alive[\r][\n]"
21:43:30,008 DEBUG wire:72 - http-outgoing-0 >> "User-Agent: Apache-HttpClient/4.5.2 (Java/1.8.0_131)[\r][\n]"
21:43:30,009 DEBUG wire:72 - http-outgoing-0 >> "Accept-Encoding: gzip,deflate[\r][\n]"
21:43:30,009 DEBUG wire:72 - http-outgoing-0 >> "[\r][\n]"
21:43:30,009 DEBUG wire:86 - http-outgoing-0 >> "{"id":"0.19316842967380565-4"}"
21:43:30,497 DEBUG wire:72 - http-outgoing-0 << "HTTP/1.1 200 OK[\r][\n]"
21:43:30,498 DEBUG wire:72 - http-outgoing-0 << "Content-Length:72[\r][\n]"
21:43:30,498 DEBUG wire:72 - http-outgoing-0 << "Content-Type:application/json; charset=utf-8[\r][\n]"
21:43:30,499 DEBUG wire:72 - http-outgoing-0 << "[\r][\n]"
21:43:30,499 DEBUG wire:86 - http-outgoing-0 << "{"sessionId":"8e5e006296b3d760421bcc775c00cc4c","status":0,"value":null}"
21:43:30,499 DEBUG headers:124 - http-outgoing-0 << HTTP/1.1 200 OK
21:43:30,500 DEBUG headers:127 - http-outgoing-0 << Content-Length:72
21:43:30,500 DEBUG headers:127 - http-outgoing-0 << Content-Type:application/json; charset=utf-8
21:43:30,501 DEBUG MainClientExec:284 - Connection can be kept alive indefinitely
21:43:30,501 DEBUG PoolingHttpClientConnectionManager:314 - Connection [id: 0][route: {}->http://localhost:41174] can be kept alive indefinitely
21:43:30,501 DEBUG PoolingHttpClientConnectionManager:320 - Connection released: [id: 0][route: {}->http://localhost:41174][total kept alive: 1; route allocated: 1 of 2000; total allocated: 1 of 2000]
21:43:30,502  INFO ebanking:28 - --Logged in Manager Account successfully
21:43:30,505 DEBUG RequestAddCookies:122 - CookieSpec selected: default
21:43:30,505 DEBUG RequestAuthCache:76 - Auth cache not set in the context
21:43:30,506 DEBUG PoolingHttpClientConnectionManager:249 - Connection request: [route: {}->http://localhost:41174][total kept alive: 1; route allocated: 1 of 2000; total allocated: 1 of 2000]
21:43:30,506 DEBUG PoolingHttpClientConnectionManager:282 - Connection leased: [id: 0][route: {}->http://localhost:41174][total kept alive: 0; route allocated: 1 of 2000; total allocated: 1 of 2000]
21:43:30,506 DEBUG MainClientExec:207 - Stale connection check
21:43:30,514 DEBUG wire:86 - http-outgoing-0 << "[read] I/O error: Read timed out"
21:43:30,514 DEBUG DefaultManagedHttpClientConnection:90 - http-outgoing-0: set socket timeout to 10800000
21:43:30,515 DEBUG MainClientExec:255 - Executing request GET /session/8e5e006296b3d760421bcc775c00cc4c/title HTTP/1.1
21:43:30,515 DEBUG MainClientExec:260 - Target auth state: UNCHALLENGED
21:43:30,515 DEBUG MainClientExec:266 - Proxy auth state: UNCHALLENGED
21:43:30,515 DEBUG headers:135 - http-outgoing-0 >> GET /session/8e5e006296b3d760421bcc775c00cc4c/title HTTP/1.1
21:43:30,516 DEBUG headers:138 - http-outgoing-0 >> Cache-Control: no-cache
21:43:30,516 DEBUG headers:138 - http-outgoing-0 >> Host: localhost:41174
21:43:30,516 DEBUG headers:138 - http-outgoing-0 >> Connection: Keep-Alive
21:43:30,516 DEBUG headers:138 - http-outgoing-0 >> User-Agent: Apache-HttpClient/4.5.2 (Java/1.8.0_131)
21:43:30,517 DEBUG headers:138 - http-outgoing-0 >> Accept-Encoding: gzip,deflate
21:43:30,517 DEBUG wire:72 - http-outgoing-0 >> "GET /session/8e5e006296b3d760421bcc775c00cc4c/title HTTP/1.1[\r][\n]"
21:43:30,518 DEBUG wire:72 - http-outgoing-0 >> "Cache-Control: no-cache[\r][\n]"
21:43:30,518 DEBUG wire:72 - http-outgoing-0 >> "Host: localhost:41174[\r][\n]"
21:43:30,518 DEBUG wire:72 - http-outgoing-0 >> "Connection: Keep-Alive[\r][\n]"
21:43:30,518 DEBUG wire:72 - http-outgoing-0 >> "User-Agent: Apache-HttpClient/4.5.2 (Java/1.8.0_131)[\r][\n]"
21:43:30,519 DEBUG wire:72 - http-outgoing-0 >> "Accept-Encoding: gzip,deflate[\r][\n]"
21:43:30,519 DEBUG wire:72 - http-outgoing-0 >> "[\r][\n]"
21:43:30,522 DEBUG wire:72 - http-outgoing-0 << "HTTP/1.1 200 OK[\r][\n]"
21:43:30,522 DEBUG wire:72 - http-outgoing-0 << "Content-Length:333[\r][\n]"
21:43:30,523 DEBUG wire:72 - http-outgoing-0 << "Content-Type:application/json; charset=utf-8[\r][\n]"
21:43:30,523 DEBUG wire:72 - http-outgoing-0 << "[\r][\n]"
21:43:30,523 DEBUG wire:86 - http-outgoing-0 << "{"sessionId":"8e5e006296b3d760421bcc775c00cc4c","status":26,"value":{"message":"unexpected alert open: {Alert text : User is not valid}\n  (Session info: chrome=86.0.4240.198)\n  (Driver info: chromedriver=86.0.4240.22 (398b0743353ff36fb1b82468f63a3a93b4e2e89e-refs/branch-heads/4240@{#378}),platform=Windows NT 10.0.19041 x86_64)"}}"
21:43:30,524 DEBUG headers:124 - http-outgoing-0 << HTTP/1.1 200 OK
21:43:30,524 DEBUG headers:127 - http-outgoing-0 << Content-Length:333
21:43:30,524 DEBUG headers:127 - http-outgoing-0 << Content-Type:application/json; charset=utf-8
21:43:30,524 DEBUG MainClientExec:284 - Connection can be kept alive indefinitely
21:43:30,525 DEBUG PoolingHttpClientConnectionManager:314 - Connection [id: 0][route: {}->http://localhost:41174] can be kept alive indefinitely
21:43:30,525 DEBUG PoolingHttpClientConnectionManager:320 - Connection released: [id: 0][route: {}->http://localhost:41174][total kept alive: 1; route allocated: 1 of 2000; total allocated: 1 of 2000]
21:43:30,577 DEBUG RequestAddCookies:122 - CookieSpec selected: default
21:43:30,578 DEBUG RequestAuthCache:76 - Auth cache not set in the context
21:43:30,578 DEBUG PoolingHttpClientConnectionManager:249 - Connection request: [route: {}->http://localhost:41174][total kept alive: 1; route allocated: 1 of 2000; total allocated: 1 of 2000]
21:43:30,578 DEBUG PoolingHttpClientConnectionManager:282 - Connection leased: [id: 0][route: {}->http://localhost:41174][total kept alive: 0; route allocated: 1 of 2000; total allocated: 1 of 2000]
21:43:30,579 DEBUG MainClientExec:207 - Stale connection check
21:43:30,591 DEBUG wire:86 - http-outgoing-0 << "[read] I/O error: Read timed out"
21:43:30,591 DEBUG DefaultManagedHttpClientConnection:90 - http-outgoing-0: set socket timeout to 10800000
21:43:30,591 DEBUG MainClientExec:255 - Executing request DELETE /session/8e5e006296b3d760421bcc775c00cc4c HTTP/1.1
21:43:30,591 DEBUG MainClientExec:260 - Target auth state: UNCHALLENGED
21:43:30,592 DEBUG MainClientExec:266 - Proxy auth state: UNCHALLENGED
21:43:30,592 DEBUG headers:135 - http-outgoing-0 >> DELETE /session/8e5e006296b3d760421bcc775c00cc4c HTTP/1.1
21:43:30,592 DEBUG headers:138 - http-outgoing-0 >> Host: localhost:41174
21:43:30,592 DEBUG headers:138 - http-outgoing-0 >> Connection: Keep-Alive
21:43:30,592 DEBUG headers:138 - http-outgoing-0 >> User-Agent: Apache-HttpClient/4.5.2 (Java/1.8.0_131)
21:43:30,593 DEBUG headers:138 - http-outgoing-0 >> Accept-Encoding: gzip,deflate
21:43:30,593 DEBUG wire:72 - http-outgoing-0 >> "DELETE /session/8e5e006296b3d760421bcc775c00cc4c HTTP/1.1[\r][\n]"
21:43:30,593 DEBUG wire:72 - http-outgoing-0 >> "Host: localhost:41174[\r][\n]"
21:43:30,593 DEBUG wire:72 - http-outgoing-0 >> "Connection: Keep-Alive[\r][\n]"
21:43:30,593 DEBUG wire:72 - http-outgoing-0 >> "User-Agent: Apache-HttpClient/4.5.2 (Java/1.8.0_131)[\r][\n]"
21:43:30,594 DEBUG wire:72 - http-outgoing-0 >> "Accept-Encoding: gzip,deflate[\r][\n]"
21:43:30,594 DEBUG wire:72 - http-outgoing-0 >> "[\r][\n]"
21:43:30,878 DEBUG wire:72 - http-outgoing-0 << "HTTP/1.1 200 OK[\r][\n]"
21:43:30,878 DEBUG wire:72 - http-outgoing-0 << "Content-Length:72[\r][\n]"
21:43:30,879 DEBUG wire:72 - http-outgoing-0 << "Content-Type:application/json; charset=utf-8[\r][\n]"
21:43:30,879 DEBUG wire:72 - http-outgoing-0 << "[\r][\n]"
21:43:30,879 DEBUG wire:86 - http-outgoing-0 << "{"sessionId":"8e5e006296b3d760421bcc775c00cc4c","status":0,"value":null}"
21:43:30,880 DEBUG headers:124 - http-outgoing-0 << HTTP/1.1 200 OK
21:43:30,880 DEBUG headers:127 - http-outgoing-0 << Content-Length:72
21:43:30,880 DEBUG headers:127 - http-outgoing-0 << Content-Type:application/json; charset=utf-8
21:43:30,880 DEBUG MainClientExec:284 - Connection can be kept alive indefinitely
21:43:30,881 DEBUG PoolingHttpClientConnectionManager:314 - Connection [id: 0][route: {}->http://localhost:41174] can be kept alive indefinitely
21:43:30,881 DEBUG PoolingHttpClientConnectionManager:320 - Connection released: [id: 0][route: {}->http://localhost:41174][total kept alive: 1; route allocated: 1 of 2000; total allocated: 1 of 2000]
21:43:30,883 DEBUG PoolingHttpClientConnectionManager:401 - Closing connections idle longer than 0 SECONDS
21:43:30,885 DEBUG DefaultManagedHttpClientConnection:81 - http-outgoing-0: Close connection
21:43:32,209 DEBUG cache:45 - Couldn't find template in cache for "index.ftl"("en", UTF-8, parsed); will try to load it.
21:43:32,210 DEBUG cache:45 - TemplateLoader.findTemplateSource("index_en.ftl"): Not found
21:43:32,211 DEBUG cache:45 - TemplateLoader.findTemplateSource("index.ftl"): Found
21:43:32,211 DEBUG cache:45 - Loading template for "index.ftl"("en", UTF-8, parsed) from "jar:file:/C:/Windows/system32/config/systemprofile/.m2/repository/com/aventstack/extentreports/3.1.2/extentreports-3.1.2.jar!/com/aventstack/extentreports/view/html-report/index.ftl"
21:43:32,457 DEBUG cache:45 - Couldn't find template in cache for "head.ftl"("en", UTF-8, parsed); will try to load it.
21:43:32,459 DEBUG cache:45 - TemplateLoader.findTemplateSource("head_en.ftl"): Not found
21:43:32,459 DEBUG cache:45 - TemplateLoader.findTemplateSource("head.ftl"): Found
21:43:32,460 DEBUG cache:45 - Loading template for "head.ftl"("en", UTF-8, parsed) from "jar:file:/C:/Windows/system32/config/systemprofile/.m2/repository/com/aventstack/extentreports/3.1.2/extentreports-3.1.2.jar!/com/aventstack/extentreports/view/html-report/head.ftl"
21:43:32,465 DEBUG cache:45 - Couldn't find template in cache for "nav.ftl"("en", UTF-8, parsed); will try to load it.
21:43:32,466 DEBUG cache:45 - TemplateLoader.findTemplateSource("nav_en.ftl"): Not found
21:43:32,467 DEBUG cache:45 - TemplateLoader.findTemplateSource("nav.ftl"): Found
21:43:32,467 DEBUG cache:45 - Loading template for "nav.ftl"("en", UTF-8, parsed) from "jar:file:/C:/Windows/system32/config/systemprofile/.m2/repository/com/aventstack/extentreports/3.1.2/extentreports-3.1.2.jar!/com/aventstack/extentreports/view/html-report/nav.ftl"
21:43:32,528 DEBUG cache:45 - Couldn't find template in cache for "test-view/test-view.ftl"("en", UTF-8, parsed); will try to load it.
21:43:32,529 DEBUG cache:45 - TemplateLoader.findTemplateSource("test-view/test-view_en.ftl"): Not found
21:43:32,529 DEBUG cache:45 - TemplateLoader.findTemplateSource("test-view/test-view.ftl"): Found
21:43:32,529 DEBUG cache:45 - Loading template for "test-view/test-view.ftl"("en", UTF-8, parsed) from "jar:file:/C:/Windows/system32/config/systemprofile/.m2/repository/com/aventstack/extentreports/3.1.2/extentreports-3.1.2.jar!/com/aventstack/extentreports/view/html-report/test-view/test-view.ftl"
21:43:32,542 DEBUG cache:45 - Couldn't find template in cache for "test-view/test-view-charts.ftl"("en", UTF-8, parsed); will try to load it.
21:43:32,542 DEBUG cache:45 - TemplateLoader.findTemplateSource("test-view/test-view-charts_en.ftl"): Not found
21:43:32,543 DEBUG cache:45 - TemplateLoader.findTemplateSource("test-view/test-view-charts.ftl"): Found
21:43:32,543 DEBUG cache:45 - Loading template for "test-view/test-view-charts.ftl"("en", UTF-8, parsed) from "jar:file:/C:/Windows/system32/config/systemprofile/.m2/repository/com/aventstack/extentreports/3.1.2/extentreports-3.1.2.jar!/com/aventstack/extentreports/view/html-report/test-view/test-view-charts.ftl"
21:43:32,559 DEBUG cache:45 - Couldn't find template in cache for "test-view/standard.ftl"("en", UTF-8, parsed); will try to load it.
21:43:32,559 DEBUG cache:45 - TemplateLoader.findTemplateSource("test-view/standard_en.ftl"): Not found
21:43:32,560 DEBUG cache:45 - TemplateLoader.findTemplateSource("test-view/standard.ftl"): Found
21:43:32,560 DEBUG cache:45 - Loading template for "test-view/standard.ftl"("en", UTF-8, parsed) from "jar:file:/C:/Windows/system32/config/systemprofile/.m2/repository/com/aventstack/extentreports/3.1.2/extentreports-3.1.2.jar!/com/aventstack/extentreports/view/html-report/test-view/standard.ftl"
21:43:32,580 DEBUG cache:45 - Couldn't find template in cache for "category-view/category-view.ftl"("en", UTF-8, parsed); will try to load it.
21:43:32,580 DEBUG cache:45 - TemplateLoader.findTemplateSource("category-view/category-view_en.ftl"): Not found
21:43:32,581 DEBUG cache:45 - TemplateLoader.findTemplateSource("category-view/category-view.ftl"): Found
21:43:32,581 DEBUG cache:45 - Loading template for "category-view/category-view.ftl"("en", UTF-8, parsed) from "jar:file:/C:/Windows/system32/config/systemprofile/.m2/repository/com/aventstack/extentreports/3.1.2/extentreports-3.1.2.jar!/com/aventstack/extentreports/view/html-report/category-view/category-view.ftl"
21:43:32,584 DEBUG cache:45 - Couldn't find template in cache for "author-view/author-view.ftl"("en", UTF-8, parsed); will try to load it.
21:43:32,585 DEBUG cache:45 - TemplateLoader.findTemplateSource("author-view/author-view_en.ftl"): Not found
21:43:32,585 DEBUG cache:45 - TemplateLoader.findTemplateSource("author-view/author-view.ftl"): Found
21:43:32,585 DEBUG cache:45 - Loading template for "author-view/author-view.ftl"("en", UTF-8, parsed) from "jar:file:/C:/Windows/system32/config/systemprofile/.m2/repository/com/aventstack/extentreports/3.1.2/extentreports-3.1.2.jar!/com/aventstack/extentreports/view/html-report/author-view/author-view.ftl"
21:43:32,590 DEBUG cache:45 - Couldn't find template in cache for "exception-view/exception-view.ftl"("en", UTF-8, parsed); will try to load it.
21:43:32,591 DEBUG cache:45 - TemplateLoader.findTemplateSource("exception-view/exception-view_en.ftl"): Not found
21:43:32,591 DEBUG cache:45 - TemplateLoader.findTemplateSource("exception-view/exception-view.ftl"): Found
21:43:32,592 DEBUG cache:45 - Loading template for "exception-view/exception-view.ftl"("en", UTF-8, parsed) from "jar:file:/C:/Windows/system32/config/systemprofile/.m2/repository/com/aventstack/extentreports/3.1.2/extentreports-3.1.2.jar!/com/aventstack/extentreports/view/html-report/exception-view/exception-view.ftl"
21:43:32,596 DEBUG cache:45 - Couldn't find template in cache for "dashboard-view/dashboard-view.ftl"("en", UTF-8, parsed); will try to load it.
21:43:32,596 DEBUG cache:45 - TemplateLoader.findTemplateSource("dashboard-view/dashboard-view_en.ftl"): Not found
21:43:32,597 DEBUG cache:45 - TemplateLoader.findTemplateSource("dashboard-view/dashboard-view.ftl"): Found
21:43:32,597 DEBUG cache:45 - Loading template for "dashboard-view/dashboard-view.ftl"("en", UTF-8, parsed) from "jar:file:/C:/Windows/system32/config/systemprofile/.m2/repository/com/aventstack/extentreports/3.1.2/extentreports-3.1.2.jar!/com/aventstack/extentreports/view/html-report/dashboard-view/dashboard-view.ftl"
21:43:32,611 DEBUG cache:45 - Couldn't find template in cache for "logs-view/testrunner-logs-view.ftl"("en", UTF-8, parsed); will try to load it.
21:43:32,611 DEBUG cache:45 - TemplateLoader.findTemplateSource("logs-view/testrunner-logs-view_en.ftl"): Not found
21:43:32,612 DEBUG cache:45 - TemplateLoader.findTemplateSource("logs-view/testrunner-logs-view.ftl"): Found
21:43:32,612 DEBUG cache:45 - Loading template for "logs-view/testrunner-logs-view.ftl"("en", UTF-8, parsed) from "jar:file:/C:/Windows/system32/config/systemprofile/.m2/repository/com/aventstack/extentreports/3.1.2/extentreports-3.1.2.jar!/com/aventstack/extentreports/view/html-report/logs-view/testrunner-logs-view.ftl"
